<?xml version="1.0" encoding="UTF-8"?>
<!-- Generated by org.testng.reporters.JUnitReportReporter -->
<testsuite hostname="UNupur" failures="0" tests="5" name="TestNGTutorial.day1" time="0.014" errors="0" timestamp="2022-08-30T00:39:17 EDT" skipped="1">
  <testcase classname="TestNGTutorial.day1" name="parmeterMethod" time="0.001"/>
  <system-out/>
  <testcase classname="TestNGTutorial.day1" name="demo1" time="0.003"/>
  <system-out/>
  <testcase classname="TestNGTutorial.day1" name="demo8" time="0.002"/>
  <system-out/>
  <testcase classname="TestNGTutorial.day1" name="demo10" time="0.008"/>
  <system-out/>
  <testcase classname="TestNGTutorial.day1" name="demo2">
    <skipped/>
  </testcase> <!-- demo2 -->
  <system-out/>
</testsuite> <!-- TestNGTutorial.day1 -->
