<?xml version="1.0" encoding="UTF-8"?>
<!-- Generated by org.testng.reporters.JUnitReportReporter -->
<testsuite hostname="UNupur" failures="0" tests="2" name="TestNGTutorial.day2" time="0.001" errors="0" timestamp="2022-08-30T00:39:17 EDT" skipped="0">
  <testcase classname="TestNGTutorial.day2" name="homeloan" time="0.001"/>
  <system-out/>
  <testcase classname="TestNGTutorial.day2" name="carLoan" time="0.000"/>
  <system-out/>
</testsuite> <!-- TestNGTutorial.day2 -->
